SF:lib/core/infrastructure/api_client.dart
DA:9,2
DA:11,1
DA:12,3
DA:14,4
DA:15,2
DA:17,2
DA:21,1
DA:22,2
DA:23,1
DA:27,4
DA:28,2
DA:30,2
DA:37,3
LF:13
LH:13
end_of_record
SF:lib/data/datasources/fake_store_datasource.dart
DA:20,1
DA:21,0
DA:23,1
DA:25,2
DA:26,4
DA:29,1
DA:31,2
DA:32,1
DA:35,0
DA:37,0
DA:38,0
DA:41,1
DA:43,2
DA:45,1
DA:48,1
DA:51,1
DA:53,3
DA:54,4
DA:57,1
DA:59,3
DA:60,1
LF:21
LH:17
end_of_record
SF:lib/data/models/cart.dart
DA:4,6
DA:6,2
DA:7,1
DA:8,1
DA:9,1
DA:11,1
DA:12,3
DA:13,1
DA:18,2
DA:20,1
DA:21,3
DA:23,0
DA:24,0
DA:25,0
LF:14
LH:11
end_of_record
SF:lib/data/models/login_response.dart
DA:4,7
DA:6,1
DA:7,2
LF:3
LH:3
end_of_record
SF:lib/data/models/product.dart
DA:15,7
DA:25,1
DA:26,1
DA:27,1
DA:28,1
DA:29,1
DA:30,1
DA:31,1
DA:32,2
DA:33,2
DA:39,0
DA:40,0
DA:41,0
DA:42,0
DA:43,0
DA:44,0
DA:45,0
DA:46,0
DA:48,0
DA:49,0
DA:56,0
DA:57,0
LF:22
LH:10
end_of_record
SF:lib/domain/entities/cart_entity.dart
DA:7,6
DA:14,3
LF:2
LH:2
end_of_record
SF:lib/domain/entities/login_response_entity.dart
DA:4,7
LF:1
LH:1
end_of_record
SF:lib/data/models/rating.dart
DA:4,4
DA:6,1
DA:7,3
LF:3
LH:3
end_of_record
SF:lib/domain/entities/product_entity.dart
DA:15,0
DA:25,0
DA:26,0
DA:27,0
DA:28,0
DA:29,0
DA:30,0
DA:31,0
DA:32,0
DA:33,0
DA:36,0
DA:38,0
DA:39,0
DA:40,0
DA:41,0
DA:42,0
DA:43,0
DA:44,0
DA:45,0
LF:19
LH:0
end_of_record
SF:lib/domain/entities/rating_entity.dart
DA:4,7
LF:1
LH:1
end_of_record
SF:lib/core/errors/failures.dart
DA:6,13
DA:11,12
DA:18,4
DA:23,4
DA:28,11
DA:33,4
DA:38,1
DA:42,0
LF:8
LH:7
end_of_record
SF:lib/data/repositories/fake_store_repository_impl.dart
DA:13,1
DA:15,1
DA:18,2
DA:19,1
DA:25,1
DA:28,2
DA:29,1
DA:35,1
DA:38,2
DA:39,1
DA:45,0
DA:48,0
DA:49,0
DA:55,1
DA:60,2
DA:61,1
DA:67,1
DA:73,2
DA:74,1
LF:19
LH:16
end_of_record
SF:lib/domain/usecases/login.dart
DA:10,1
DA:12,1
DA:16,2
LF:3
LH:3
end_of_record
SF:lib/domain/usecases/get_categories.dart
DA:9,1
DA:11,1
DA:12,2
LF:3
LH:3
end_of_record
SF:lib/domain/usecases/get_product_by_category.dart
DA:10,1
DA:12,1
DA:13,2
LF:3
LH:3
end_of_record
SF:lib/domain/usecases/get_user_cart.dart
DA:10,1
DA:12,1
DA:13,2
LF:3
LH:3
end_of_record
SF:lib/domain/usecases/get_products.dart
DA:10,1
DA:12,1
DA:13,2
LF:3
LH:3
end_of_record
SF:lib/services/fake_store_service.dart
DA:12,0
DA:13,0
DA:15,0
DA:16,0
DA:17,0
DA:20,0
DA:21,0
DA:22,0
DA:45,0
DA:46,0
DA:48,0
DA:50,0
DA:53,0
DA:54,0
DA:55,0
DA:58,0
DA:59,0
DA:60,0
DA:73,0
DA:74,0
DA:75,0
LF:21
LH:0
end_of_record
SF:lib/domain/usecases/get_product_detail.dart
DA:10,1
DA:12,1
DA:13,2
LF:3
LH:3
end_of_record
