SF:lib\core\infrastructure\api_client.dart
DA:8,0
DA:10,0
DA:11,0
DA:13,0
DA:14,0
DA:16,0
DA:20,0
DA:21,0
DA:22,0
DA:23,0
DA:26,0
DA:27,0
DA:29,0
DA:36,2
LF:14
LH:1
end_of_record
SF:lib\data\datasources\fake_store_datasource.dart
DA:19,1
DA:21,1
DA:23,2
DA:24,1
DA:27,0
DA:29,0
DA:30,0
LF:7
LH:4
end_of_record
SF:lib\core\errors\failures.dart
DA:6,7
DA:11,4
DA:18,2
DA:23,7
DA:28,7
DA:33,2
DA:38,5
DA:42,0
LF:8
LH:7
end_of_record
SF:lib\core\utils\utils.dart
DA:6,1
DA:7,1
DA:10,0
DA:13,0
DA:14,0
DA:15,0
LF:6
LH:2
end_of_record
SF:lib\data\models\product.dart
DA:15,2
DA:25,2
DA:26,2
DA:27,2
DA:28,2
DA:29,2
DA:30,2
DA:31,2
DA:32,4
DA:33,4
DA:39,1
DA:40,1
DA:41,1
DA:42,1
DA:43,1
DA:44,1
DA:45,1
DA:46,1
DA:48,1
DA:49,5
DA:56,1
DA:57,4
LF:22
LH:22
end_of_record
SF:lib\data\models\rating.dart
DA:4,2
DA:6,2
DA:7,6
LF:3
LH:3
end_of_record
SF:lib\domain\entities\product_entity.dart
DA:15,2
DA:25,0
DA:26,0
DA:27,0
DA:28,0
DA:29,0
DA:30,0
DA:31,0
DA:32,0
DA:33,0
DA:36,0
DA:38,0
DA:39,0
DA:40,0
DA:41,0
DA:42,0
DA:43,0
DA:44,0
DA:45,0
LF:19
LH:1
end_of_record
SF:lib\domain\entities\rating_entity.dart
DA:4,3
LF:1
LH:1
end_of_record
SF:lib\data\repositories\fake_store_repository_impl.dart
DA:13,1
DA:15,1
DA:18,2
DA:19,4
DA:20,2
DA:22,1
DA:26,0
DA:29,0
DA:30,0
DA:32,0
LF:10
LH:6
end_of_record
SF:lib\domain\usecases\get_categories.dart
DA:9,1
DA:11,1
DA:12,2
LF:3
LH:3
end_of_record
SF:lib\domain\usecases\get_products.dart
DA:10,1
DA:12,1
DA:13,2
LF:3
LH:3
end_of_record
SF:lib\services\fake_store_service.dart
DA:15,1
DA:17,1
DA:18,3
DA:20,2
DA:21,2
DA:22,4
DA:24,1
DA:28,0
DA:29,0
DA:30,0
DA:33,0
DA:34,0
DA:35,0
DA:37,0
DA:41,0
DA:42,0
DA:43,0
DA:44,0
DA:47,0
DA:48,0
DA:49,0
DA:50,0
DA:51,0
DA:52,0
DA:55,0
DA:61,0
DA:62,0
DA:63,0
DA:66,0
DA:67,0
DA:68,0
DA:70,0
DA:74,0
DA:75,0
DA:76,0
DA:78,0
DA:79,0
DA:80,0
DA:82,0
DA:86,0
DA:87,0
DA:88,0
DA:89,0
DA:90,0
DA:92,0
DA:96,0
DA:97,0
DA:98,0
DA:99,0
DA:100,0
DA:101,0
DA:103,0
DA:107,0
DA:108,0
DA:109,0
DA:110,0
DA:111,0
DA:114,0
DA:115,0
LF:59
LH:7
end_of_record
SF:lib\data\models\cart.dart
DA:4,0
DA:6,0
DA:7,0
DA:9,0
DA:10,0
DA:11,0
LF:6
LH:0
end_of_record
SF:lib\domain\entities\cart_entity.dart
DA:5,0
LF:1
LH:0
end_of_record
SF:lib\data\models\login_response.dart
DA:4,0
DA:6,0
DA:7,0
LF:3
LH:0
end_of_record
SF:lib\domain\entities\login_response_entity.dart
DA:5,0
LF:1
LH:0
end_of_record
SF:lib\data\models\name.dart
DA:4,0
DA:6,0
DA:7,0
DA:9,0
DA:10,0
DA:11,0
LF:6
LH:0
end_of_record
SF:lib\domain\entities\name_entity.dart
DA:5,0
LF:1
LH:0
end_of_record
SF:lib\data\models\sing_up_request.dart
DA:4,0
DA:13,0
DA:14,0
DA:15,0
DA:16,0
DA:17,0
DA:18,0
LF:7
LH:0
end_of_record
SF:lib\domain\entities\sign_up_request_entity.dart
DA:9,0
LF:1
LH:0
end_of_record
SF:lib\data\models\user.dart
DA:5,0
DA:14,0
DA:15,0
DA:16,0
DA:17,0
DA:18,0
DA:19,0
DA:20,0
DA:23,0
DA:24,0
DA:25,0
DA:26,0
DA:27,0
DA:28,0
DA:29,0
LF:15
LH:0
end_of_record
SF:lib\domain\entities\user_entity.dart
DA:11,0
LF:1
LH:0
end_of_record
